<?xml version="1.0" encoding="UTF-8"?>
<!-- Generated by org.testng.reporters.JUnitReportReporter -->
<testsuite hostname="HP-PC" name="JenkinsCICD.TestNG" tests="1" failures="0" timestamp="18 Mar 2020 22:51:27 GMT" time="6.468" errors="0">
  <testcase name="testEasy" time="6.468" classname="JenkinsCICD.TestNG"/>
</testsuite> <!-- JenkinsCICD.TestNG -->
