<?xml version="1.0" encoding="UTF-8"?>
<!-- Generated by org.testng.reporters.JUnitReportReporter -->
<testsuite hostname="HP-PC" name="JenkinsCICD.TestNG" tests="1" failures="0" timestamp="20 Mar 2020 22:56:28 GMT" time="20.298" errors="0">
  <testcase name="testEasy" time="20.298" classname="JenkinsCICD.TestNG"/>
</testsuite> <!-- JenkinsCICD.TestNG -->
